[debug] [2026-06-10T10:05:57.716Z] ----------------------------------------------------------------------
[debug] [2026-06-10T10:05:57.718Z] Command:       D:\Program Files\nodejs\node.exe C:\Users\j8760\AppData\Roaming\npm\node_modules\firebase-tools\lib\bin\firebase.js init
[debug] [2026-06-10T10:05:57.718Z] CLI Version:   15.19.1
[debug] [2026-06-10T10:05:57.718Z] Platform:      win32
[debug] [2026-06-10T10:05:57.719Z] Node Version:  v26.1.0
[debug] [2026-06-10T10:05:57.719Z] Time:          Wed Jun 10 2026 12:05:57 GMT+0200 (South Africa Standard Time)
[debug] [2026-06-10T10:05:57.719Z] ----------------------------------------------------------------------
[debug] 
[info] 
     ######## #### ########  ######## ########     ###     ######  ########
     ##        ##  ##     ## ##       ##     ##  ##   ##  ##       ##
     ######    ##  ########  ######   ########  #########  ######  ######
     ##        ##  ##    ##  ##       ##     ## ##     ##       ## ##
     ##       #### ##     ## ######## ########  ##     ##  ######  ########

You're about to initialize a Firebase project in this directory:

  D:\02_WORK\Programming\CodeCollage\React\Tutorial 07\expensetracker

[debug] [2026-06-10T10:06:50.663Z] ExitPromptError: User force closed the prompt with SIGINT
    at Interface.sigint (C:\Users\j8760\AppData\Roaming\npm\node_modules\firebase-tools\node_modules\@inquirer\core\dist\commonjs\lib\create-prompt.js:101:37)
    at Interface.emit (node:events:509:20)
    at [_ttyWrite] [as _ttyWrite] (node:internal/readline/interface:1327:18)
    at ReadStream.onkeypress (node:internal/readline/interface:284:20)
    at ReadStream.emit (node:events:521:24)
    at emitKeys (node:internal/readline/utils:371:14)
    at emitKeys.next (<anonymous>)
    at ReadStream.onData (node:internal/readline/emitKeypressEvents:64:36)
    at ReadStream.emit (node:events:509:20)
    at addChunk (node:internal/streams/readable:568:12)
[error] 
[error] Error: An unexpected error has occurred.
